# JRE version: OpenJDK Runtime Environment (17.0.6) (build 17.0.6+0-b2043.56-10027231)
# Java VM: OpenJDK 64-Bit Server VM (17.0.6+0-b2043.56-10027231, mixed mode, tiered, compressed oops, compressed class ptrs, g1 gc, windows-amd64)
GC Precious Log:
 CPUs: 4 total, 4 available
 Memory: 16259M
 Large Page Support: Disabled
 NUMA Support: Disabled
 Compressed Oops: Enabled (32-bit)
 Heap Region Size: 1M
 Heap Min Capacity: 8M
 Heap Initial Capacity: 256M
 Heap Max Capacity: 2G
 Pre-touch: Disabled
 Parallel Workers: 4
 Concurrent Workers: 1
 Concurrent Refinement Workers: 4
 Periodic GC: Disabled
Heap:
 garbage-first heap   total 353280K, used 151244K [0x0000000080000000, 0x0000000100000000)
  region size 1024K, 61 young (62464K), 5 survivors (5120K)
 Metaspace       used 94753K, committed 95424K, reserved 1138688K
  class space    used 12794K, committed 13120K, reserved 1048576K
GC Heap History (20 events):
Event: 36.903 GC heap before
{Heap before GC invocations=34 (full 0):
 garbage-first heap   total 148480K, used 110374K [0x0000000080000000, 0x0000000100000000)
  region size 1024K, 50 young (51200K), 3 survivors (3072K)
 Metaspace       used 79583K, committed 80128K, reserved 1122304K
  class space    used 10846K, committed 11136K, reserved 1048576K
}
Event: 36.913 GC heap after
{Heap after GC invocations=35 (full 0):
 garbage-first heap   total 148480K, used 65318K [0x0000000080000000, 0x0000000100000000)
  region size 1024K, 6 young (6144K), 6 survivors (6144K)
 Metaspace       used 79583K, committed 80128K, reserved 1122304K
  class space    used 10846K, committed 11136K, reserved 1048576K
}
Event: 38.486 GC heap before
{Heap before GC invocations=35 (full 0):
 garbage-first heap   total 148480K, used 114470K [0x0000000080000000, 0x0000000100000000)
  region size 1024K, 54 young (55296K), 6 survivors (6144K)
 Metaspace       used 82882K, committed 83520K, reserved 1122304K
  class space    used 11260K, committed 11584K, reserved 1048576K
}
Event: 38.503 GC heap after
{Heap after GC invocations=36 (full 0):
 garbage-first heap   total 148480K, used 70832K [0x0000000080000000, 0x0000000100000000)
  region size 1024K, 7 young (7168K), 7 survivors (7168K)
 Metaspace       used 82882K, committed 83520K, reserved 1122304K
  class space    used 11260K, committed 11584K, reserved 1048576K
}
Event: 40.609 GC heap before
{Heap before GC invocations=36 (full 0):
 garbage-first heap   total 148480K, used 115888K [0x0000000080000000, 0x0000000100000000)
  region size 1024K, 51 young (52224K), 7 survivors (7168K)
 Metaspace       used 84851K, committed 85504K, reserved 1130496K
  class space    used 11614K, committed 11968K, reserved 1048576K
}
Event: 40.628 GC heap after
{Heap after GC invocations=37 (full 0):
 garbage-first heap   total 148480K, used 78350K [0x0000000080000000, 0x0000000100000000)
  region size 1024K, 7 young (7168K), 7 survivors (7168K)
 Metaspace       used 84851K, committed 85504K, reserved 1130496K
  class space    used 11614K, committed 11968K, reserved 1048576K
}
Event: 42.002 GC heap before
{Heap before GC invocations=37 (full 0):
 garbage-first heap   total 148480K, used 116238K [0x0000000080000000, 0x0000000100000000)
  region size 1024K, 45 young (46080K), 7 survivors (7168K)
 Metaspace       used 85568K, committed 86208K, reserved 1130496K
  class space    used 11709K, committed 12032K, reserved 1048576K
}
Event: 42.020 GC heap after
{Heap after GC invocations=38 (full 0):
 garbage-first heap   total 148480K, used 83589K [0x0000000080000000, 0x0000000100000000)
  region size 1024K, 6 young (6144K), 6 survivors (6144K)
 Metaspace       used 85568K, committed 86208K, reserved 1130496K
  class space    used 11709K, committed 12032K, reserved 1048576K
}
Event: 42.947 GC heap before
{Heap before GC invocations=39 (full 0):
 garbage-first heap   total 155648K, used 117381K [0x0000000080000000, 0x0000000100000000)
  region size 1024K, 40 young (40960K), 6 survivors (6144K)
 Metaspace       used 85753K, committed 86464K, reserved 1130496K
  class space    used 11712K, committed 12032K, reserved 1048576K
}
Event: 42.958 GC heap after
{Heap after GC invocations=40 (full 0):
 garbage-first heap   total 155648K, used 85718K [0x0000000080000000, 0x0000000100000000)
  region size 1024K, 4 young (4096K), 4 survivors (4096K)
 Metaspace       used 85753K, committed 86464K, reserved 1130496K
  class space    used 11712K, committed 12032K, reserved 1048576K
}
Event: 43.049 GC heap before
{Heap before GC invocations=40 (full 0):
 garbage-first heap   total 155648K, used 87766K [0x0000000080000000, 0x0000000100000000)
  region size 1024K, 7 young (7168K), 4 survivors (4096K)
 Metaspace       used 85757K, committed 86464K, reserved 1130496K
  class space    used 11713K, committed 12032K, reserved 1048576K
}
Event: 43.057 GC heap after
{Heap after GC invocations=41 (full 0):
 garbage-first heap   total 155648K, used 85989K [0x0000000080000000, 0x0000000100000000)
  region size 1024K, 1 young (1024K), 1 survivors (1024K)
 Metaspace       used 85757K, committed 86464K, reserved 1130496K
  class space    used 11713K, committed 12032K, reserved 1048576K
}
Event: 44.178 GC heap before
{Heap before GC invocations=41 (full 0):
 garbage-first heap   total 155648K, used 123877K [0x0000000080000000, 0x0000000100000000)
  region size 1024K, 39 young (39936K), 1 survivors (1024K)
 Metaspace       used 86268K, committed 86976K, reserved 1130496K
  class space    used 11749K, committed 12096K, reserved 1048576K
}
Event: 44.186 GC heap after
{Heap after GC invocations=42 (full 0):
 garbage-first heap   total 155648K, used 89136K [0x0000000080000000, 0x0000000100000000)
  region size 1024K, 5 young (5120K), 5 survivors (5120K)
 Metaspace       used 86268K, committed 86976K, reserved 1130496K
  class space    used 11749K, committed 12096K, reserved 1048576K
}
Event: 45.304 GC heap before
{Heap before GC invocations=43 (full 0):
 garbage-first heap   total 167936K, used 124976K [0x0000000080000000, 0x0000000100000000)
  region size 1024K, 41 young (41984K), 5 survivors (5120K)
 Metaspace       used 86422K, committed 87104K, reserved 1130496K
  class space    used 11764K, committed 12096K, reserved 1048576K
}
Event: 45.319 GC heap after
{Heap after GC invocations=44 (full 0):
 garbage-first heap   total 167936K, used 92620K [0x0000000080000000, 0x0000000100000000)
  region size 1024K, 4 young (4096K), 4 survivors (4096K)
 Metaspace       used 86422K, committed 87104K, reserved 1130496K
  class space    used 11764K, committed 12096K, reserved 1048576K
}
Event: 45.336 GC heap before
{Heap before GC invocations=44 (full 0):
 garbage-first heap   total 167936K, used 96716K [0x0000000080000000, 0x0000000100000000)
  region size 1024K, 8 young (8192K), 4 survivors (4096K)
 Metaspace       used 86422K, committed 87104K, reserved 1130496K
  class space    used 11764K, committed 12096K, reserved 1048576K
}
Event: 45.350 GC heap after
{Heap after GC invocations=45 (full 0):
 garbage-first heap   total 167936K, used 92310K [0x0000000080000000, 0x0000000100000000)
  region size 1024K, 1 young (1024K), 1 survivors (1024K)
 Metaspace       used 86422K, committed 87104K, reserved 1130496K
  class space    used 11764K, committed 12096K, reserved 1048576K
}
Event: 46.309 GC heap before
{Heap before GC invocations=45 (full 0):
 garbage-first heap   total 167936K, used 135318K [0x0000000080000000, 0x0000000100000000)
  region size 1024K, 43 young (44032K), 1 survivors (1024K)
 Metaspace       used 87792K, committed 88448K, reserved 1130496K
  class space    used 11903K, committed 12224K, reserved 1048576K
}
Event: 46.320 GC heap after
{Heap after GC invocations=46 (full 0):
 garbage-first heap   total 353280K, used 95948K [0x0000000080000000, 0x0000000100000000)
  region size 1024K, 5 young (5120K), 5 survivors (5120K)
 Metaspace       used 87792K, committed 88448K, reserved 1130496K
  class space    used 11903K, committed 12224K, reserved 1048576K
}

